C:\Users\Zlatko.Lakisic\documents\visual studio 2017\Projects\TigerSpike\WebApplication\wwwroot\app\BusinessLogic\Entities\IEntity.js
C:\Users\Zlatko.Lakisic\documents\visual studio 2017\Projects\TigerSpike\WebApplication\wwwroot\app\BusinessLogic\Entities\IEntity.js.map
C:\Users\Zlatko.Lakisic\documents\visual studio 2017\Projects\TigerSpike\WebApplication\wwwroot\app\BusinessLogic\Entities\Note.js
C:\Users\Zlatko.Lakisic\documents\visual studio 2017\Projects\TigerSpike\WebApplication\wwwroot\app\BusinessLogic\Entities\Note.js.map
C:\Users\Zlatko.Lakisic\documents\visual studio 2017\Projects\TigerSpike\WebApplication\wwwroot\app\BusinessLogic\Entities\User.js
C:\Users\Zlatko.Lakisic\documents\visual studio 2017\Projects\TigerSpike\WebApplication\wwwroot\app\BusinessLogic\Entities\User.js.map
C:\Users\Zlatko.Lakisic\documents\visual studio 2017\Projects\TigerSpike\WebApplication\wwwroot\app\BusinessLogic\Controllers\UserController.js
C:\Users\Zlatko.Lakisic\documents\visual studio 2017\Projects\TigerSpike\WebApplication\wwwroot\app\BusinessLogic\Controllers\UserController.js.map
C:\Users\Zlatko.Lakisic\documents\visual studio 2017\Projects\TigerSpike\WebApplication\wwwroot\app\BusinessLogic\Helpers\Broadcaster.js
C:\Users\Zlatko.Lakisic\documents\visual studio 2017\Projects\TigerSpike\WebApplication\wwwroot\app\BusinessLogic\Helpers\Broadcaster.js.map
C:\Users\Zlatko.Lakisic\documents\visual studio 2017\Projects\TigerSpike\WebApplication\wwwroot\app\app.component.js
C:\Users\Zlatko.Lakisic\documents\visual studio 2017\Projects\TigerSpike\WebApplication\wwwroot\app\app.component.js.map
C:\Users\Zlatko.Lakisic\documents\visual studio 2017\Projects\TigerSpike\WebApplication\wwwroot\app\Pages\home.component.js
C:\Users\Zlatko.Lakisic\documents\visual studio 2017\Projects\TigerSpike\WebApplication\wwwroot\app\Pages\home.component.js.map
C:\Users\Zlatko.Lakisic\documents\visual studio 2017\Projects\TigerSpike\WebApplication\wwwroot\app\Pages\login.component.js
C:\Users\Zlatko.Lakisic\documents\visual studio 2017\Projects\TigerSpike\WebApplication\wwwroot\app\Pages\login.component.js.map
C:\Users\Zlatko.Lakisic\documents\visual studio 2017\Projects\TigerSpike\WebApplication\wwwroot\app\BusinessLogic\Controllers\BaseController.js
C:\Users\Zlatko.Lakisic\documents\visual studio 2017\Projects\TigerSpike\WebApplication\wwwroot\app\BusinessLogic\Controllers\BaseController.js.map
C:\Users\Zlatko.Lakisic\documents\visual studio 2017\Projects\TigerSpike\WebApplication\wwwroot\app\BusinessLogic\Controllers\NoteController.js
C:\Users\Zlatko.Lakisic\documents\visual studio 2017\Projects\TigerSpike\WebApplication\wwwroot\app\BusinessLogic\Controllers\NoteController.js.map
C:\Users\Zlatko.Lakisic\documents\visual studio 2017\Projects\TigerSpike\WebApplication\wwwroot\app\BusinessLogic\Helpers.js
C:\Users\Zlatko.Lakisic\documents\visual studio 2017\Projects\TigerSpike\WebApplication\wwwroot\app\BusinessLogic\Helpers.js.map
C:\Users\Zlatko.Lakisic\documents\visual studio 2017\Projects\TigerSpike\WebApplication\wwwroot\app\Pages\Home\sidebar.home.component.js
C:\Users\Zlatko.Lakisic\documents\visual studio 2017\Projects\TigerSpike\WebApplication\wwwroot\app\Pages\Home\sidebar.home.component.js.map
C:\Users\Zlatko.Lakisic\documents\visual studio 2017\Projects\TigerSpike\WebApplication\wwwroot\app\app-routing.module.js
C:\Users\Zlatko.Lakisic\documents\visual studio 2017\Projects\TigerSpike\WebApplication\wwwroot\app\app-routing.module.js.map
C:\Users\Zlatko.Lakisic\documents\visual studio 2017\Projects\TigerSpike\WebApplication\wwwroot\app\app.module.js
C:\Users\Zlatko.Lakisic\documents\visual studio 2017\Projects\TigerSpike\WebApplication\wwwroot\app\app.module.js.map
C:\Users\Zlatko.Lakisic\documents\visual studio 2017\Projects\TigerSpike\WebApplication\wwwroot\app\main.js
C:\Users\Zlatko.Lakisic\documents\visual studio 2017\Projects\TigerSpike\WebApplication\wwwroot\app\main.js.map
